<?xml version="1.0" encoding="UTF-8"?>
<testsuite name="userTests.UserTest" tests="1" skipped="0" failures="0" errors="0" timestamp="2018-12-08T11:43:06" hostname="p-606-2-6" time="0.0">
  <properties/>
  <testcase name="test1" classname="userTests.UserTest" time="0.0"/>
  <system-out><![CDATA[]]></system-out>
  <system-err><![CDATA[]]></system-err>
</testsuite>
